Hello Computer!
Hello Computer!
01, UP, -10.00, -11.24, -1.24, , 
, STOP, -10.00, -11.27, -1.27, 3894ms
, DONE, -10.00, -11.27, -1.27, 
02, UP, -10.00, -11.27, -1.27, , 
, STOP, -10.00, -10.68, -0.68, 226ms
, DONE, -10.00, -9.41, 0.59, 
03, UP, -8.00, -9.41, -1.41, , 
, STOP, -8.00, -8.64, -0.64, 114ms
, DONE, -8.00, -7.49, 0.51, 
04, UP, -4.00, -7.49, -3.49, , 
, STOP, -4.00, -4.66, -0.66, 241ms
, DONE, -4.00, -3.33, 0.67, 
05, UP, 0.00, -3.33, -3.33, , 
, STOP, 0.00, -0.64, -0.64, 244ms
, DONE, 0.00, 0.33, 0.33, 
06, UP, 3.00, 0.36, -2.64, , 
, STOP, 3.00, 2.31, -0.69, 223ms
, DONE, 3.00, 2.78, -0.22, 
07, UP, 6.00, 2.81, -3.19, , 
, STOP, 6.00, 5.35, -0.65, 317ms
, DONE, 6.00, 5.79, -0.21, 
08, UP, 9.00, 5.79, -3.21, , 
, STOP, 9.00, 8.30, -0.70, 320ms
, DONE, 9.00, 8.75, -0.25, 
09, UP, 90.00, 8.78, -81.22, , 
, STOP, 90.00, 18.38, -71.62, 1457ms
, DONE, 90.00, 16.63, -73.37, 
10, UP, 90.00, 16.63, -73.37, , 
, STOP, 90.00, 17.51, -72.49, 10ms
, DONE, 90.00, 17.51, -72.49, 
11, UP, 90.00, 17.51, -72.49, , 
, STOP, 90.00, 17.51, -72.49, 100ms
, DONE, 90.00, 18.38, -71.62, 
12, UP, 90.00, 18.38, -71.62, , 
, STOP, 90.00, 18.38, -71.62, 11ms
, DONE, 90.00, 18.38, -71.62, 
13, UP, 90.00, 18.38, -71.62, , 
, STOP, 90.00, 18.38, -71.62, 11ms
, DONE, 90.00, 18.38, -71.62, 
14, UP, 90.00, 18.38, -71.62, , 
, STOP, 90.00, 18.38, -71.62, 10ms
, DONE, 90.00, 18.38, -71.62, 
15, UP, 90.00, 18.38, -71.62, , 
, STOP, 90.00, 17.51, -72.49, 42ms
, DONE, 90.00, 19.25, -70.75, 
16, UP, 90.00, 18.38, -71.62, , 
, STOP, 90.00, 19.25, -70.75, 11ms
, DONE, 90.00, 19.25, -70.75, 
17, UP, 90.00, 18.38, -71.62, , 
, STOP, 90.00, 18.38, -71.62, 11ms
, DONE, 90.00, 18.38, -71.62, 
18, UP, 90.00, 19.25, -70.75, , 
, STOP, 90.00, 19.25, -70.75, 10ms
, DONE, 90.00, 18.38, -71.62, 
19, UP, 90.00, 19.25, -70.75, , 
, STOP, 9.00, 19.25, -70.75, 10ms
, DONE, 9.00, 19.25, 10.25, 
Hello Computer!
01, DN, 6.00, 9.53, 3.53, , 
, STOP, 6.00, 6.68, 0.68, 2182ms
, DONE, 6.00, 6.65, 0.65, 
01, UP, 9.00, 6.53, -2.47, , 
, STOP, 9.00, 8.30, -0.70, 289ms
, DONE, 9.00, 8.69, -0.31, 
02, UP, 90.00, 8.72, -81.28, , 
, STOP, 90.00, 9.59, -80.41, 1760ms
, DONE, 90.00, 9.50, -80.50, 
03, UP, 90.00, 9.53, -80.47, , 
, STOP, 90.00, 9.53, -80.47, 11ms
, DONE, 90.00, 9.44, -80.56, 
04, UP, 90.00, 9.44, -80.56, , 
, STOP, 90.00, 9.61, -80.39, 206ms
, DONE, 90.00, 9.50, -80.50, 
05, UP, 90.00, 9.53, -80.47, , 
, STOP, 90.00, 9.53, -80.47, 10ms
, DONE, 90.00, 9.50, -80.50, 
06, UP, 90.00, 9.50, -80.50, , 
, STOP, 90.00, 9.50, -80.50, 10ms
, DONE, 90.00, 9.50, -80.50, 
07, UP, 90.00, 9.50, -80.50, , 
, STOP, 90.00, 9.50, -80.50, 10ms
, DONE, 90.00, 9.50, -80.50, 
08, UP, 90.00, 9.50, -80.50, , 
, STOP, 90.00, 9.50, -80.50, 10ms
, DONE, 90.00, 9.47, -80.53, 
09, UP, 90.00, 9.50, -80.50, , 
, STOP, 90.00, 9.50, -80.50, 10ms
, DONE, 90.00, 9.50, -80.50, 
10, UP, 90.00, 9.50, -80.50, , 
, STOP, 90.00, 9.64, -80.36, 195ms
, DONE, 90.00, 9.53, -80.47, 
11, UP, 90.00, 9.53, -80.47, , 
, STOP, 90.00, 9.53, -80.47, 10ms
, DONE, 90.00, 9.53, -80.47, 
12, UP, 90.00, 9.53, -80.47, , 
, STOP, 90.00, 9.53, -80.47, 10ms
, DONE, 90.00, 9.53, -80.47, 
13, UP, 90.00, 9.53, -80.47, , 
, STOP, 90.00, 9.53, -80.47, 10ms
, DONE, 90.00, 9.50, -80.50, 
01, DN, 9.00, 10.52, 1.52, , 
, STOP, 9.00, 9.50, 0.50, 21ms
, DONE, 9.00, 9.38, 0.38, 
02, DN, 9.00, 10.52, 1.52, , 
, STOP, 9.00, 16.63, 7.63, 104ms
, DONE, 9.00, 15.76, 6.76, 
03, DN, 9.00, 15.76, 6.76, , 
, STOP, 9.00, 9.70, 0.70, 222ms
, DONE, 9.00, 9.96, 0.96, 
04, DN, 9.00, 10.52, 1.52, , 
, STOP, 9.00, 9.53, 0.53, 41ms
, DONE, 9.00, 9.41, 0.41, 
05, DN, 9.00, 10.52, 1.52, , 
, STOP, 9.00, 9.61, 0.61, 100ms
, DONE, 9.00, 13.14, 4.14, 
06, DN, 9.00, 14.89, 5.89, , 
, STOP, 9.00, 9.64, 0.64, 550ms
, DONE, 9.00, 13.14, 4.14, 
07, DN, 9.00, 14.01, 5.01, , 
, STOP, 9.00, 9.59, 0.59, 41ms
, DONE, 9.00, 13.14, 4.14, 
08, DN, 9.00, 13.14, 4.14, , 
, STOP, 9.00, 9.67, 0.67, 62ms
, DONE, 9.00, 12.27, 3.27, 
09, DN, 9.00, 10.52, 1.52, , 
, STOP, 9.00, 9.67, 0.67, 85ms
, DONE, 9.00, 14.01, 5.01, 
10, DN, 9.00, 14.01, 5.01, , 
, STOP, 9.00, 9.64, 0.64, 113ms
, DONE, 9.00, 9.90, 0.90, 
11, DN, 9.00, 11.40, 2.40, , 
, STOP, 9.00, 9.13, 0.13, 4ms
, DONE, 9.00, 9.56, 0.56, 
01, UP, 9.00, 7.92, -1.08, , 
, STOP, 9.00, 8.36, -0.64, 7ms
, DONE, 9.00, 9.53, 0.53, 
12, DN, 9.00, 10.52, 1.52, , 
, STOP, 9.00, 9.53, 0.53, 72ms
, DONE, 9.00, 9.47, 0.47, 
13, DN, 9.00, 11.40, 2.40, , 
, STOP, 9.00, 9.64, 0.64, 118ms
, DONE, 9.00, 9.33, 0.33, 
02, UP, 9.00, 7.83, -1.17, , 
, STOP, 9.00, 8.92, -0.08, 3ms
, DONE, 9.00, 8.95, -0.05, 
14, DN, 9.00, 10.52, 1.52, , 
, STOP, 9.00, 9.24, 0.24, 56ms
, DONE, 9.00, 9.93, 0.93, 
15, DN, 9.00, 10.52, 1.52, , 
, STOP, 9.00, 9.38, 0.38, 39ms
, DONE, 9.00, 9.79, 0.79, 
16, DN, 9.00, 10.52, 1.52, , 
, STOP, 9.00, 9.64, 0.64, 21ms
, DONE, 9.00, 9.90, 0.90, 
17, DN, 9.00, 10.52, 1.52, , 
, STOP, 9.00, 9.67, 0.67, 34ms
, DONE, 9.00, 8.92, -0.08, 
18, DN, 9.00, 10.52, 1.52, , 
, STOP, 9.00, 9.61, 0.61, 79ms
, DONE, 9.00, 10.52, 1.52, 
19, DN, 9.00, 10.52, 1.52, , 
, STOP, 9.00, 12.27, 3.27, 103ms
, DONE, 9.00, 9.84, 0.84, 
20, DN, 9.00, 10.52, 1.52, , 
, STOP, 9.00, 9.64, 0.64, 129ms
, DONE, 9.00, 11.40, 2.40, 
21, DN, 9.00, 11.40, 2.40, , 
, STOP, 9.00, 9.61, 0.61, 60ms
, DONE, 9.00, 10.52, 1.52, 
22, DN, 9.00, 10.52, 1.52, , 
, STOP, 9.00, 9.50, 0.50, 8ms
, DONE, 9.00, 11.40, 2.40, 
23, DN, 9.00, 10.52, 1.52, , 
, STOP, 9.00, 9.56, 0.56, 49ms
, DONE, 9.00, 10.52, 1.52, 
24, DN, 9.00, 10.52, 1.52, , 
, STOP, 9.00, 9.67, 0.67, 126ms
, DONE, 9.00, 9.99, 0.99, 
03, UP, 9.00, 7.86, -1.14, , 
, STOP, 9.00, 9.99, 0.99, 1ms
, DONE, 9.00, 9.96, 0.96, 
04, UP, 9.00, 7.68, -1.32, , 
, STOP, 9.00, 9.73, 0.73, 7ms
, DONE, 9.00, 9.50, 0.50, 
05, UP, 9.00, 7.80, -1.20, , 
, STOP, 9.00, 9.73, 0.73, 5ms
, DONE, 9.00, 9.87, 0.87, 
25, DN, 9.00, 10.52, 1.52, , 
, STOP, 9.00, 9.64, 0.64, 33ms
, DONE, 9.00, 9.47, 0.47, 
26, DN, 9.00, 10.52, 1.52, , 
, STOP, 9.00, 9.50, 0.50, 14ms
, DONE, 9.00, 10.52, 1.52, 
27, DN, 9.00, 10.52, 1.52, , 
, STOP, 9.00, 9.53, 0.53, 44ms
, DONE, 9.00, 10.52, 1.52, 
28, DN, 9.00, 10.52, 1.52, , 
, STOP, 9.00, 9.64, 0.64, 57ms
, DONE, 9.00, 9.93, 0.93, 
06, UP, 90.00, 9.93, -80.07, , 
, STOP, 90.00, 19.25, -70.75, 839ms
, DONE, 90.00, 17.51, -72.49, 
07, UP, 90.00, 17.51, -72.49, , 
, STOP, 90.00, 17.51, -72.49, 11ms
, DONE, 90.00, 17.51, -72.49, 
08, UP, 90.00, 17.51, -72.49, , 
, STOP, 90.00, 17.51, -72.49, 10ms
, DONE, 90.00, 17.51, -72.49, 
09, UP, 90.00, 17.51, -72.49, , 
, STOP, 90.00, 17.51, -72.49, 10ms
, DONE, 90.00, 17.51, -72.49, 
10, UP, 90.00, 17.51, -72.49, , 
, STOP, 90.00, 18.38, -71.62, 10ms
, DONE, 90.00, 18.38, -71.62, 
11, UP, 90.00, 18.38, -71.62, , 
, STOP, 90.00, 18.38, -71.62, 10ms
, DONE, 90.00, 18.38, -71.62, 
12, UP, 90.00, 18.38, -71.62, , 
, STOP, 90.00, 18.38, -71.62, 10ms
, DONE, 90.00, 18.38, -71.62, 
13, UP, 90.00, 18.38, -71.62, , 
, STOP, 90.00, 18.38, -71.62, 10ms
, DONE, 90.00, 18.38, -71.62, 
14, UP, 90.00, 18.38, -71.62, , 
, STOP, 90.00, 18.38, -71.62, 11ms
, DONE, 90.00, 18.38, -71.62, 
15, UP, 90.00, 18.38, -71.62, , 
, STOP, 90.00, 18.38, -71.62, 10ms
, DONE, 9.00, 18.38, 9.38, 
29, DN, 9.00, 19.25, 10.25, , 
, STOP, 9.00, 18.38, 9.38, 11ms
, DONE, 9.00, 18.38, 9.38, 
30, DN, 9.00, 19.25, 10.25, , 
, STOP, 9.00, 19.25, 10.25, 10ms
, DONE, 9.00, 19.25, 10.25, 
31, DN, 9.00, 19.25, 10.25, , 
, STOP, 9.00, 19.25, 10.25, 11ms
, DONE, 6.00, 18.38, 12.38, 
32, DN, 6.00, 18.38, 12.38, , 
, STOP, 6.00, 18.38, 12.38, 10ms
, DONE, 6.00, 19.25, 13.25, 
01, DN, 6.00, 18.38, 12.38, , 
, STOP, 6.00, 18.38, 12.38, 11ms
, DONE, 6.00, 18.38, 12.38, 
02, DN, 6.00, 18.38, 12.38, , 
, STOP, 6.00, 18.38, 12.38, 11ms
, DONE, 6.00, 18.38, 12.38, 
03, DN, 6.00, 18.38, 12.38, , 
, STOP, 6.00, 18.38, 12.38, 11ms
, DONE, 6.00, 18.38, 12.38, 
04, DN, 6.00, 18.38, 12.38, , 
, STOP, 6.00, 18.38, 12.38, 11ms
, DONE, 6.00, 18.38, 12.38, 
05, DN, 6.00, 18.38, 12.38, , 
, STOP, 6.00, 18.38, 12.38, 11ms
, DONE, 6.00, 18.38, 12.38, 
06, DN, 6.00, 18.38, 12.38, , 
, STOP, 6.00, 18.38, 12.38, 10ms
, DONE, 6.00, 18.38, 12.38, 
07, DN, 6.00, 18.38, 12.38, , 
, STOP, 6.00, 18.38, 12.38, 10ms
, DONE, 6.00, 18.38, 12.38, 
08, DN, 6.00, 18.38, 12.38, , 
, STOP, 6.00, 18.38, 12.38, 10ms
, DONE, 6.00, 17.51, 11.51, 
09, DN, 6.00, 17.51, 11.51, , 
, STOP, 6.00, 17.51, 11.51, 10ms
, DONE, 6.00, 17.51, 11.51, 
01, DN, 6.00, 17.51, 11.51, , 
, STOP, 6.00, 18.38, 12.38, 11ms
, DONE, 6.00, 17.51, 11.51, 
02, DN, 6.00, 17.51, 11.51, , 
, STOP, 6.00, 18.38, 12.38, 12ms
, DONE, 6.00, 17.51, 11.51, 
03, DN, 6.00, 17.51, 11.51, , 
, STOP, 6.00, 17.51, 11.51, 11ms
, DONE, 6.00, 17.51, 11.51, 
04, DN, 6.00, 17.51, 11.51, , 
, STOP, 6.00, 18.38, 12.38, 12ms
, DONE, 3.00, 16.63, 13.63, 
05, DN, 3.00, 16.63, 13.63, , 
, STOP, 3.00, 16.63, 13.63, 10ms
, DONE, 3.00, 17.51, 14.51, 
06, DN, 3.00, 17.51, 14.51, , 
, STOP, 3.00, 17.51, 14.51, 10ms
, DONE, 3.00, 17.51, 14.51, 
07, DN, 3.00, 17.51, 14.51, , 
, STOP, 3.00, 17.51, 14.51, 10ms
, DONE, 0.00, 17.51, 17.51, 
08, DN, 0.00, 17.51, 17.51, , 
, STOP, 0.00, 17.51, 17.51, 10ms
, DONE, 0.00, 17.51, 17.51, 
09, DN, 0.00, 17.51, 17.51, , 
, STOP, 0.00, 11.40, 11.40, 44ms
, DONE, 0.00, 17.51, 17.51, 
